<?xml version="1.0" encoding="UTF-8"?>
<!-- Generated by org.testng.reporters.JUnitXMLReporter -->
<testsuite ignored="0" hostname="DESKTOP-62KGI1A" failures="0" tests="6" name="Default test" time="24.232" errors="0" timestamp="2023-03-16T08:46:27 IST">
  <testcase classname="api.test.UserDDTests" name="testPostUser" time="7.032"/>
  <testcase classname="api.test.UserDDTests" name="testPostUser" time="1.388"/>
  <testcase classname="api.test.UserDDTests" name="testPostUser" time="1.352"/>
  <testcase classname="api.test.UserDDTests" name="testDeleteUserByName" time="1.468"/>
  <testcase classname="api.test.UserDDTests" name="testDeleteUserByName" time="1.345"/>
  <testcase classname="api.test.UserDDTests" name="testDeleteUserByName" time="1.343"/>
</testsuite> <!-- Default test -->
