<?xml version="1.0" encoding="UTF-8"?>
<!-- Generated by org.testng.reporters.JUnitXMLReporter -->
<testsuite ignored="0" hostname="DESKTOP-62KGI1A" failures="0" tests="4" name="PetTests" time="10.29" errors="0" timestamp="2023-03-16T09:56:00 IST">
  <testcase classname="api.test.UserTests2" name="testPostUser" time="3.421"/>
  <testcase classname="api.test.UserTests2" name="testGetUserByName" time="1.374"/>
  <testcase classname="api.test.UserTests2" name="testUpdateUserByName" time="2.749"/>
  <testcase classname="api.test.UserTests2" name="testDeleteUserByName" time="1.368"/>
</testsuite> <!-- PetTests -->
